This file contains any messages produced by compilers while
running configure, to aid debugging if configure makes a mistake.

It was created by v4l-utils configure 1.15.0, which was
generated by GNU Autoconf 2.69.  Invocation command line was

  $ ./configure 

## --------- ##
## Platform. ##
## --------- ##

hostname = stout-UDOO-x86
uname -m = x86_64
uname -r = 4.10.0-28-generic
uname -s = Linux
uname -v = #32~16.04.2-Ubuntu SMP Thu Jul 20 10:19:48 UTC 2017

/usr/bin/uname -p = unknown
/bin/uname -X     = unknown

/bin/arch              = unknown
/usr/bin/arch -k       = unknown
/usr/convex/getsysinfo = unknown
/usr/bin/hostinfo      = unknown
/bin/machine           = unknown
/usr/bin/oslevel       = unknown
/bin/universe          = unknown

PATH: /home/stout/bin
PATH: /home/stout/.local/bin
PATH: /usr/local/sbin
PATH: /usr/local/bin
PATH: /usr/sbin
PATH: /usr/bin
PATH: /sbin
PATH: /bin
PATH: /usr/games
PATH: /usr/local/games
PATH: /snap/bin


## ----------- ##
## Core tests. ##
## ----------- ##

configure:2731: checking for gcc
configure:2747: found /usr/bin/gcc
configure:2758: result: gcc
configure:2987: checking for C compiler version
configure:2996: gcc --version >&5
gcc (Ubuntu 5.4.0-6ubuntu1~16.04.6) 5.4.0 20160609
Copyright (C) 2015 Free Software Foundation, Inc.
This is free software; see the source for copying conditions.  There is NO
warranty; not even for MERCHANTABILITY or FITNESS FOR A PARTICULAR PURPOSE.

configure:3007: $? = 0
configure:2996: gcc -v >&5
Using built-in specs.
COLLECT_GCC=gcc
COLLECT_LTO_WRAPPER=/usr/lib/gcc/x86_64-linux-gnu/5/lto-wrapper
Target: x86_64-linux-gnu
Configured with: ../src/configure -v --with-pkgversion='Ubuntu 5.4.0-6ubuntu1~16.04.6' --with-bugurl=file:///usr/share/doc/gcc-5/README.Bugs --enable-languages=c,ada,c++,java,go,d,fortran,objc,obj-c++ --prefix=/usr --program-suffix=-5 --enable-shared --enable-linker-build-id --libexecdir=/usr/lib --without-included-gettext --enable-threads=posix --libdir=/usr/lib --enable-nls --with-sysroot=/ --enable-clocale=gnu --enable-libstdcxx-debug --enable-libstdcxx-time=yes --with-default-libstdcxx-abi=new --enable-gnu-unique-object --disable-vtable-verify --enable-libmpx --enable-plugin --with-system-zlib --disable-browser-plugin --enable-java-awt=gtk --enable-gtk-cairo --with-java-home=/usr/lib/jvm/java-1.5.0-gcj-5-amd64/jre --enable-java-home --with-jvm-root-dir=/usr/lib/jvm/java-1.5.0-gcj-5-amd64 --with-jvm-jar-dir=/usr/lib/jvm-exports/java-1.5.0-gcj-5-amd64 --with-arch-directory=amd64 --with-ecj-jar=/usr/share/java/eclipse-ecj.jar --enable-objc-gc --enable-multiarch --disable-werror --with-arch-32=i686 --with-abi=m64 --with-multilib-list=m32,m64,mx32 --enable-multilib --with-tune=generic --enable-checking=release --build=x86_64-linux-gnu --host=x86_64-linux-gnu --target=x86_64-linux-gnu
Thread model: posix
gcc version 5.4.0 20160609 (Ubuntu 5.4.0-6ubuntu1~16.04.6) 
configure:3007: $? = 0
configure:2996: gcc -V >&5
gcc: error: unrecognized command line option '-V'
gcc: fatal error: no input files
compilation terminated.
configure:3007: $? = 1
configure:2996: gcc -qversion >&5
gcc: error: unrecognized command line option '-qversion'
gcc: fatal error: no input files
compilation terminated.
configure:3007: $? = 1
configure:3027: checking whether the C compiler works
configure:3049: gcc    conftest.c  >&5
configure:3053: $? = 0
configure:3101: result: yes
configure:3104: checking for C compiler default output file name
configure:3106: result: a.out
configure:3112: checking for suffix of executables
configure:3119: gcc -o conftest    conftest.c  >&5
configure:3123: $? = 0
configure:3145: result: 
configure:3167: checking whether we are cross compiling
configure:3175: gcc -o conftest    conftest.c  >&5
configure:3179: $? = 0
configure:3186: ./conftest
configure:3190: $? = 0
configure:3205: result: no
configure:3210: checking for suffix of object files
configure:3232: gcc -c   conftest.c >&5
configure:3236: $? = 0
configure:3257: result: o
configure:3261: checking whether we are using the GNU C compiler
configure:3280: gcc -c   conftest.c >&5
configure:3280: $? = 0
configure:3289: result: yes
configure:3298: checking whether gcc accepts -g
configure:3318: gcc -c -g  conftest.c >&5
configure:3318: $? = 0
configure:3359: result: yes
configure:3376: checking for gcc option to accept ISO C89
configure:3439: gcc  -c -g -O2  conftest.c >&5
configure:3439: $? = 0
configure:3452: result: none needed
configure:3477: checking whether gcc understands -c and -o together
configure:3499: gcc -c conftest.c -o conftest2.o
configure:3502: $? = 0
configure:3499: gcc -c conftest.c -o conftest2.o
configure:3502: $? = 0
configure:3514: result: yes
configure:3537: checking how to run the C preprocessor
configure:3568: gcc -E  conftest.c
configure:3568: $? = 0
configure:3582: gcc -E  conftest.c
conftest.c:9:28: fatal error: ac_nonexistent.h: No such file or directory
compilation terminated.
configure:3582: $? = 1
configure: failed program was:
| /* confdefs.h */
| #define PACKAGE_NAME "v4l-utils"
| #define PACKAGE_TARNAME "v4l-utils"
| #define PACKAGE_VERSION "1.15.0"
| #define PACKAGE_STRING "v4l-utils 1.15.0"
| #define PACKAGE_BUGREPORT ""
| #define PACKAGE_URL ""
| /* end confdefs.h.  */
| #include <ac_nonexistent.h>
configure:3607: result: gcc -E
configure:3627: gcc -E  conftest.c
configure:3627: $? = 0
configure:3641: gcc -E  conftest.c
conftest.c:9:28: fatal error: ac_nonexistent.h: No such file or directory
compilation terminated.
configure:3641: $? = 1
configure: failed program was:
| /* confdefs.h */
| #define PACKAGE_NAME "v4l-utils"
| #define PACKAGE_TARNAME "v4l-utils"
| #define PACKAGE_VERSION "1.15.0"
| #define PACKAGE_STRING "v4l-utils 1.15.0"
| #define PACKAGE_BUGREPORT ""
| #define PACKAGE_URL ""
| /* end confdefs.h.  */
| #include <ac_nonexistent.h>
configure:3670: checking for grep that handles long lines and -e
configure:3728: result: /bin/grep
configure:3733: checking for egrep
configure:3795: result: /bin/grep -E
configure:3800: checking for ANSI C header files
configure:3820: gcc -c -g -O2  conftest.c >&5
configure:3820: $? = 0
configure:3893: gcc -o conftest -g -O2   conftest.c  >&5
configure:3893: $? = 0
configure:3893: ./conftest
configure:3893: $? = 0
configure:3904: result: yes
configure:3917: checking for sys/types.h
configure:3917: gcc -c -g -O2  conftest.c >&5
configure:3917: $? = 0
configure:3917: result: yes
configure:3917: checking for sys/stat.h
configure:3917: gcc -c -g -O2  conftest.c >&5
configure:3917: $? = 0
configure:3917: result: yes
configure:3917: checking for stdlib.h
configure:3917: gcc -c -g -O2  conftest.c >&5
configure:3917: $? = 0
configure:3917: result: yes
configure:3917: checking for string.h
configure:3917: gcc -c -g -O2  conftest.c >&5
configure:3917: $? = 0
configure:3917: result: yes
configure:3917: checking for memory.h
configure:3917: gcc -c -g -O2  conftest.c >&5
configure:3917: $? = 0
configure:3917: result: yes
configure:3917: checking for strings.h
configure:3917: gcc -c -g -O2  conftest.c >&5
configure:3917: $? = 0
configure:3917: result: yes
configure:3917: checking for inttypes.h
configure:3917: gcc -c -g -O2  conftest.c >&5
configure:3917: $? = 0
configure:3917: result: yes
configure:3917: checking for stdint.h
configure:3917: gcc -c -g -O2  conftest.c >&5
configure:3917: $? = 0
configure:3917: result: yes
configure:3917: checking for unistd.h
configure:3917: gcc -c -g -O2  conftest.c >&5
configure:3917: $? = 0
configure:3917: result: yes
configure:3930: checking minix/config.h usability
configure:3930: gcc -c -g -O2  conftest.c >&5
conftest.c:52:26: fatal error: minix/config.h: No such file or directory
compilation terminated.
configure:3930: $? = 1
configure: failed program was:
| /* confdefs.h */
| #define PACKAGE_NAME "v4l-utils"
| #define PACKAGE_TARNAME "v4l-utils"
| #define PACKAGE_VERSION "1.15.0"
| #define PACKAGE_STRING "v4l-utils 1.15.0"
| #define PACKAGE_BUGREPORT ""
| #define PACKAGE_URL ""
| #define STDC_HEADERS 1
| #define HAVE_SYS_TYPES_H 1
| #define HAVE_SYS_STAT_H 1
| #define HAVE_STDLIB_H 1
| #define HAVE_STRING_H 1
| #define HAVE_MEMORY_H 1
| #define HAVE_STRINGS_H 1
| #define HAVE_INTTYPES_H 1
| #define HAVE_STDINT_H 1
| #define HAVE_UNISTD_H 1
| /* end confdefs.h.  */
| #include <stdio.h>
| #ifdef HAVE_SYS_TYPES_H
| # include <sys/types.h>
| #endif
| #ifdef HAVE_SYS_STAT_H
| # include <sys/stat.h>
| #endif
| #ifdef STDC_HEADERS
| # include <stdlib.h>
| # include <stddef.h>
| #else
| # ifdef HAVE_STDLIB_H
| #  include <stdlib.h>
| # endif
| #endif
| #ifdef HAVE_STRING_H
| # if !defined STDC_HEADERS && defined HAVE_MEMORY_H
| #  include <memory.h>
| # endif
| # include <string.h>
| #endif
| #ifdef HAVE_STRINGS_H
| # include <strings.h>
| #endif
| #ifdef HAVE_INTTYPES_H
| # include <inttypes.h>
| #endif
| #ifdef HAVE_STDINT_H
| # include <stdint.h>
| #endif
| #ifdef HAVE_UNISTD_H
| # include <unistd.h>
| #endif
| #include <minix/config.h>
configure:3930: result: no
configure:3930: checking minix/config.h presence
configure:3930: gcc -E  conftest.c
conftest.c:19:26: fatal error: minix/config.h: No such file or directory
compilation terminated.
configure:3930: $? = 1
configure: failed program was:
| /* confdefs.h */
| #define PACKAGE_NAME "v4l-utils"
| #define PACKAGE_TARNAME "v4l-utils"
| #define PACKAGE_VERSION "1.15.0"
| #define PACKAGE_STRING "v4l-utils 1.15.0"
| #define PACKAGE_BUGREPORT ""
| #define PACKAGE_URL ""
| #define STDC_HEADERS 1
| #define HAVE_SYS_TYPES_H 1
| #define HAVE_SYS_STAT_H 1
| #define HAVE_STDLIB_H 1
| #define HAVE_STRING_H 1
| #define HAVE_MEMORY_H 1
| #define HAVE_STRINGS_H 1
| #define HAVE_INTTYPES_H 1
| #define HAVE_STDINT_H 1
| #define HAVE_UNISTD_H 1
| /* end confdefs.h.  */
| #include <minix/config.h>
configure:3930: result: no
configure:3930: checking for minix/config.h
configure:3930: result: no
configure:3951: checking whether it is safe to define __EXTENSIONS__
configure:3969: gcc -c -g -O2  conftest.c >&5
configure:3969: $? = 0
configure:3976: result: yes
configure:4008: checking for a BSD-compatible install
configure:4076: result: /usr/bin/install -c
configure:4087: checking whether build environment is sane
configure:4142: result: yes
configure:4290: checking for a thread-safe mkdir -p
configure:4329: result: /bin/mkdir -p
configure:4336: checking for gawk
configure:4366: result: no
configure:4336: checking for mawk
configure:4352: found /usr/bin/mawk
configure:4363: result: mawk
configure:4374: checking whether make sets $(MAKE)
configure:4396: result: yes
configure:4426: checking for style of include used by make
configure:4454: result: GNU
configure:4488: checking whether make supports nested variables
configure:4505: result: yes
configure:4590: checking dependency style of gcc
configure:4701: result: gcc3
configure:4761: checking whether to enable maintainer-specific portions of Makefiles
configure:4770: result: no
configure:4794: checking whether make supports nested variables
configure:4811: result: yes
configure:4882: checking for g++
configure:4898: found /usr/bin/g++
configure:4909: result: g++
configure:4936: checking for C++ compiler version
configure:4945: g++ --version >&5
g++ (Ubuntu 5.4.0-6ubuntu1~16.04.6) 5.4.0 20160609
Copyright (C) 2015 Free Software Foundation, Inc.
This is free software; see the source for copying conditions.  There is NO
warranty; not even for MERCHANTABILITY or FITNESS FOR A PARTICULAR PURPOSE.

configure:4956: $? = 0
configure:4945: g++ -v >&5
Using built-in specs.
COLLECT_GCC=g++
COLLECT_LTO_WRAPPER=/usr/lib/gcc/x86_64-linux-gnu/5/lto-wrapper
Target: x86_64-linux-gnu
Configured with: ../src/configure -v --with-pkgversion='Ubuntu 5.4.0-6ubuntu1~16.04.6' --with-bugurl=file:///usr/share/doc/gcc-5/README.Bugs --enable-languages=c,ada,c++,java,go,d,fortran,objc,obj-c++ --prefix=/usr --program-suffix=-5 --enable-shared --enable-linker-build-id --libexecdir=/usr/lib --without-included-gettext --enable-threads=posix --libdir=/usr/lib --enable-nls --with-sysroot=/ --enable-clocale=gnu --enable-libstdcxx-debug --enable-libstdcxx-time=yes --with-default-libstdcxx-abi=new --enable-gnu-unique-object --disable-vtable-verify --enable-libmpx --enable-plugin --with-system-zlib --disable-browser-plugin --enable-java-awt=gtk --enable-gtk-cairo --with-java-home=/usr/lib/jvm/java-1.5.0-gcj-5-amd64/jre --enable-java-home --with-jvm-root-dir=/usr/lib/jvm/java-1.5.0-gcj-5-amd64 --with-jvm-jar-dir=/usr/lib/jvm-exports/java-1.5.0-gcj-5-amd64 --with-arch-directory=amd64 --with-ecj-jar=/usr/share/java/eclipse-ecj.jar --enable-objc-gc --enable-multiarch --disable-werror --with-arch-32=i686 --with-abi=m64 --with-multilib-list=m32,m64,mx32 --enable-multilib --with-tune=generic --enable-checking=release --build=x86_64-linux-gnu --host=x86_64-linux-gnu --target=x86_64-linux-gnu
Thread model: posix
gcc version 5.4.0 20160609 (Ubuntu 5.4.0-6ubuntu1~16.04.6) 
configure:4956: $? = 0
configure:4945: g++ -V >&5
g++: error: unrecognized command line option '-V'
g++: fatal error: no input files
compilation terminated.
configure:4956: $? = 1
configure:4945: g++ -qversion >&5
g++: error: unrecognized command line option '-qversion'
g++: fatal error: no input files
compilation terminated.
configure:4956: $? = 1
configure:4960: checking whether we are using the GNU C++ compiler
configure:4979: g++ -c   conftest.cpp >&5
configure:4979: $? = 0
configure:4988: result: yes
configure:4997: checking whether g++ accepts -g
configure:5017: g++ -c -g  conftest.cpp >&5
configure:5017: $? = 0
configure:5058: result: yes
configure:5083: checking dependency style of g++
configure:5194: result: gcc3
configure:5209: checking for gcc option to accept ISO C99
configure:5358: gcc  -c -g -O2  conftest.c >&5
configure:5358: $? = 0
configure:5371: result: none needed
configure:5416: checking build system type
configure:5430: result: x86_64-pc-linux-gnu
configure:5450: checking host system type
configure:5463: result: x86_64-pc-linux-gnu
configure:5504: checking how to print strings
configure:5531: result: printf
configure:5552: checking for a sed that does not truncate output
configure:5616: result: /bin/sed
configure:5634: checking for fgrep
configure:5696: result: /bin/grep -F
configure:5731: checking for ld used by gcc
configure:5798: result: /usr/bin/ld
configure:5805: checking if the linker (/usr/bin/ld) is GNU ld
configure:5820: result: yes
configure:5832: checking for BSD- or MS-compatible name lister (nm)
configure:5886: result: /usr/bin/nm -B
configure:6016: checking the name lister (/usr/bin/nm -B) interface
configure:6023: gcc -c -g -O2  conftest.c >&5
configure:6026: /usr/bin/nm -B "conftest.o"
configure:6029: output
0000000000000000 B some_variable
configure:6036: result: BSD nm
configure:6039: checking whether ln -s works
configure:6043: result: yes
configure:6051: checking the maximum length of command line arguments
configure:6182: result: 1572864
configure:6230: checking how to convert x86_64-pc-linux-gnu file names to x86_64-pc-linux-gnu format
configure:6270: result: func_convert_file_noop
configure:6277: checking how to convert x86_64-pc-linux-gnu file names to toolchain format
configure:6297: result: func_convert_file_noop
configure:6304: checking for /usr/bin/ld option to reload object files
configure:6311: result: -r
configure:6385: checking for objdump
configure:6401: found /usr/bin/objdump
configure:6412: result: objdump
configure:6444: checking how to recognize dependent libraries
configure:6644: result: pass_all
configure:6729: checking for dlltool
configure:6759: result: no
configure:6789: checking how to associate runtime and link libraries
configure:6816: result: printf %s\n
configure:6876: checking for ar
configure:6892: found /usr/bin/ar
configure:6903: result: ar
configure:6940: checking for archiver @FILE support
configure:6957: gcc -c -g -O2  conftest.c >&5
configure:6957: $? = 0
configure:6960: ar cru libconftest.a @conftest.lst >&5
ar: `u' modifier ignored since `D' is the default (see `U')
configure:6963: $? = 0
configure:6968: ar cru libconftest.a @conftest.lst >&5
ar: `u' modifier ignored since `D' is the default (see `U')
ar: conftest.o: No such file or directory
configure:6971: $? = 1
configure:6983: result: @
configure:7041: checking for strip
configure:7057: found /usr/bin/strip
configure:7068: result: strip
configure:7140: checking for ranlib
configure:7156: found /usr/bin/ranlib
configure:7167: result: ranlib
configure:7269: checking command to parse /usr/bin/nm -B output from gcc object
configure:7422: gcc -c -g -O2  conftest.c >&5
configure:7425: $? = 0
configure:7429: /usr/bin/nm -B conftest.o \| sed -n -e 's/^.*[ ]\([ABCDGIRSTW][ABCDGIRSTW]*\)[ ][ ]*\([_A-Za-z][_A-Za-z0-9]*\)$/\1 \2 \2/p' | sed '/ __gnu_lto/d' \> conftest.nm
configure:7432: $? = 0
configure:7498: gcc -o conftest -g -O2   conftest.c conftstm.o >&5
configure:7501: $? = 0
configure:7539: result: ok
configure:7586: checking for sysroot
configure:7616: result: no
configure:7623: checking for a working dd
configure:7661: result: /bin/dd
configure:7665: checking how to truncate binary pipes
configure:7680: result: /bin/dd bs=4096 count=1
configure:7816: gcc -c -g -O2  conftest.c >&5
configure:7819: $? = 0
configure:8009: checking for mt
configure:8025: found /bin/mt
configure:8036: result: mt
configure:8059: checking if mt is a manifest tool
configure:8065: mt '-?'
configure:8073: result: no
configure:8747: checking for dlfcn.h
configure:8747: gcc -c -g -O2  conftest.c >&5
configure:8747: $? = 0
configure:8747: result: yes
configure:9014: checking for objdir
configure:9029: result: .libs
configure:9293: checking if gcc supports -fno-rtti -fno-exceptions
configure:9311: gcc -c -g -O2  -fno-rtti -fno-exceptions conftest.c >&5
cc1: warning: command line option '-fno-rtti' is valid for C++/ObjC++ but not for C
configure:9315: $? = 0
configure:9328: result: no
configure:9686: checking for gcc option to produce PIC
configure:9693: result: -fPIC -DPIC
configure:9701: checking if gcc PIC flag -fPIC -DPIC works
configure:9719: gcc -c -g -O2  -fPIC -DPIC -DPIC conftest.c >&5
configure:9723: $? = 0
configure:9736: result: yes
configure:9765: checking if gcc static flag -static works
configure:9793: result: yes
configure:9808: checking if gcc supports -c -o file.o
configure:9829: gcc -c -g -O2  -o out/conftest2.o conftest.c >&5
configure:9833: $? = 0
configure:9855: result: yes
configure:9863: checking if gcc supports -c -o file.o
configure:9910: result: yes
configure:9943: checking whether the gcc linker (/usr/bin/ld -m elf_x86_64) supports shared libraries
configure:11206: result: yes
configure:11243: checking whether -lc should be explicitly linked in
configure:11251: gcc -c -g -O2  conftest.c >&5
configure:11254: $? = 0
configure:11269: gcc -shared  -fPIC -DPIC conftest.o  -v -Wl,-soname -Wl,conftest -o conftest 2\>\&1 \| /bin/grep  -lc  \>/dev/null 2\>\&1
configure:11272: $? = 0
configure:11286: result: no
configure:11446: checking dynamic linker characteristics
configure:12027: gcc -o conftest -g -O2   -Wl,-rpath -Wl,/foo conftest.c  >&5
configure:12027: $? = 0
configure:12276: result: GNU/Linux ld.so
configure:12398: checking how to hardcode library paths into programs
configure:12423: result: immediate
configure:12971: checking whether stripping libraries is possible
configure:12976: result: yes
configure:13011: checking if libtool supports shared libraries
configure:13013: result: yes
configure:13016: checking whether to build shared libraries
configure:13041: result: yes
configure:13044: checking whether to build static libraries
configure:13048: result: yes
configure:13071: checking how to run the C++ preprocessor
configure:13098: g++ -E  conftest.cpp
configure:13098: $? = 0
configure:13112: g++ -E  conftest.cpp
conftest.cpp:28:28: fatal error: ac_nonexistent.h: No such file or directory
compilation terminated.
configure:13112: $? = 1
configure: failed program was:
| /* confdefs.h */
| #define PACKAGE_NAME "v4l-utils"
| #define PACKAGE_TARNAME "v4l-utils"
| #define PACKAGE_VERSION "1.15.0"
| #define PACKAGE_STRING "v4l-utils 1.15.0"
| #define PACKAGE_BUGREPORT ""
| #define PACKAGE_URL ""
| #define STDC_HEADERS 1
| #define HAVE_SYS_TYPES_H 1
| #define HAVE_SYS_STAT_H 1
| #define HAVE_STDLIB_H 1
| #define HAVE_STRING_H 1
| #define HAVE_MEMORY_H 1
| #define HAVE_STRINGS_H 1
| #define HAVE_INTTYPES_H 1
| #define HAVE_STDINT_H 1
| #define HAVE_UNISTD_H 1
| #define __EXTENSIONS__ 1
| #define _ALL_SOURCE 1
| #define _GNU_SOURCE 1
| #define _POSIX_PTHREAD_SEMANTICS 1
| #define _TANDEM_SOURCE 1
| #define PACKAGE "v4l-utils"
| #define VERSION "1.15.0"
| #define HAVE_DLFCN_H 1
| #define LT_OBJDIR ".libs/"
| /* end confdefs.h.  */
| #include <ac_nonexistent.h>
configure:13137: result: g++ -E
configure:13157: g++ -E  conftest.cpp
configure:13157: $? = 0
configure:13171: g++ -E  conftest.cpp
conftest.cpp:28:28: fatal error: ac_nonexistent.h: No such file or directory
compilation terminated.
configure:13171: $? = 1
configure: failed program was:
| /* confdefs.h */
| #define PACKAGE_NAME "v4l-utils"
| #define PACKAGE_TARNAME "v4l-utils"
| #define PACKAGE_VERSION "1.15.0"
| #define PACKAGE_STRING "v4l-utils 1.15.0"
| #define PACKAGE_BUGREPORT ""
| #define PACKAGE_URL ""
| #define STDC_HEADERS 1
| #define HAVE_SYS_TYPES_H 1
| #define HAVE_SYS_STAT_H 1
| #define HAVE_STDLIB_H 1
| #define HAVE_STRING_H 1
| #define HAVE_MEMORY_H 1
| #define HAVE_STRINGS_H 1
| #define HAVE_INTTYPES_H 1
| #define HAVE_STDINT_H 1
| #define HAVE_UNISTD_H 1
| #define __EXTENSIONS__ 1
| #define _ALL_SOURCE 1
| #define _GNU_SOURCE 1
| #define _POSIX_PTHREAD_SEMANTICS 1
| #define _TANDEM_SOURCE 1
| #define PACKAGE "v4l-utils"
| #define VERSION "1.15.0"
| #define HAVE_DLFCN_H 1
| #define LT_OBJDIR ".libs/"
| /* end confdefs.h.  */
| #include <ac_nonexistent.h>
configure:13333: checking for ld used by g++
configure:13400: result: /usr/bin/ld -m elf_x86_64
configure:13407: checking if the linker (/usr/bin/ld -m elf_x86_64) is GNU ld
configure:13422: result: yes
configure:13477: checking whether the g++ linker (/usr/bin/ld -m elf_x86_64) supports shared libraries
configure:14550: result: yes
configure:14586: g++ -c -g -O2  conftest.cpp >&5
configure:14589: $? = 0
configure:15070: checking for g++ option to produce PIC
configure:15077: result: -fPIC -DPIC
configure:15085: checking if g++ PIC flag -fPIC -DPIC works
configure:15103: g++ -c -g -O2  -fPIC -DPIC -DPIC conftest.cpp >&5
configure:15107: $? = 0
configure:15120: result: yes
configure:15143: checking if g++ static flag -static works
configure:15171: result: yes
configure:15183: checking if g++ supports -c -o file.o
configure:15204: g++ -c -g -O2  -o out/conftest2.o conftest.cpp >&5
configure:15208: $? = 0
configure:15230: result: yes
configure:15235: checking if g++ supports -c -o file.o
configure:15282: result: yes
configure:15312: checking whether the g++ linker (/usr/bin/ld -m elf_x86_64) supports shared libraries
configure:15355: result: yes
configure:15496: checking dynamic linker characteristics
configure:16253: result: GNU/Linux ld.so
configure:16318: checking how to hardcode library paths into programs
configure:16343: result: immediate
configure:16405: checking whether ln -s works
configure:16409: result: yes
configure:16470: checking for pkg-config
configure:16488: found /usr/bin/pkg-config
configure:16500: result: /usr/bin/pkg-config
configure:16525: checking pkg-config is at least version 0.9.0
configure:16528: result: yes
configure:16636: checking for doxygen
configure:16654: found /usr/bin/doxygen
configure:16666: result: /usr/bin/doxygen
configure:16742: checking for perl
configure:16760: found /usr/bin/perl
configure:16772: result: /usr/bin/perl
configure:16906: checking for dot
configure:16924: found /usr/bin/dot
configure:16936: result: /usr/bin/dot
configure:17548: checking for latex
configure:17581: result: no
configure:17601: WARNING: latex not found - will not generate doxygen PostScript documentation
configure:17654: checking for makeindex
configure:17687: result: no
configure:17760: checking for dvips
configure:17793: result: no
configure:17866: checking for egrep
configure:17884: found /bin/egrep
configure:17896: result: /bin/egrep
configure:18029: checking for pdflatex
configure:18062: result: no
configure:18082: WARNING: pdflatex not found - will not generate doxygen PDF documentation
configure:18135: checking for makeindex
configure:18168: result: no
configure:18241: checking for egrep
configure:18271: result: /bin/egrep
configure:18368: checking whether NLS is requested
configure:18377: result: yes
configure:18417: checking for msgfmt
configure: trying /usr/bin/msgfmt...
0 translated messages.
configure:18449: result: /usr/bin/msgfmt
configure:18458: checking for gmsgfmt
configure:18489: result: /usr/bin/msgfmt
configure:18539: checking for xgettext
configure: trying /usr/bin/xgettext...
/usr/bin/xgettext: warning: file '/dev/null' extension '' is unknown; will try C
configure:18571: result: /usr/bin/xgettext
configure:18616: checking for msgmerge
configure: trying /usr/bin/msgmerge...
configure:18647: result: /usr/bin/msgmerge
configure:18705: checking for ld used by gcc
configure:18772: result: /usr/bin/ld -m elf_x86_64
configure:18779: checking if the linker (/usr/bin/ld -m elf_x86_64) is GNU ld
configure:18794: result: yes
configure:18801: checking for shared library run path origin
configure:18814: result: done
configure:19386: checking for CFPreferencesCopyAppValue
configure:19404: gcc -o conftest -g -O2   conftest.c  -Wl,-framework -Wl,CoreFoundation >&5
conftest.c:28:42: fatal error: CoreFoundation/CFPreferences.h: No such file or directory
compilation terminated.
configure:19404: $? = 1
configure: failed program was:
| /* confdefs.h */
| #define PACKAGE_NAME "v4l-utils"
| #define PACKAGE_TARNAME "v4l-utils"
| #define PACKAGE_VERSION "1.15.0"
| #define PACKAGE_STRING "v4l-utils 1.15.0"
| #define PACKAGE_BUGREPORT ""
| #define PACKAGE_URL ""
| #define STDC_HEADERS 1
| #define HAVE_SYS_TYPES_H 1
| #define HAVE_SYS_STAT_H 1
| #define HAVE_STDLIB_H 1
| #define HAVE_STRING_H 1
| #define HAVE_MEMORY_H 1
| #define HAVE_STRINGS_H 1
| #define HAVE_INTTYPES_H 1
| #define HAVE_STDINT_H 1
| #define HAVE_UNISTD_H 1
| #define __EXTENSIONS__ 1
| #define _ALL_SOURCE 1
| #define _GNU_SOURCE 1
| #define _POSIX_PTHREAD_SEMANTICS 1
| #define _TANDEM_SOURCE 1
| #define PACKAGE "v4l-utils"
| #define VERSION "1.15.0"
| #define HAVE_DLFCN_H 1
| #define LT_OBJDIR ".libs/"
| /* end confdefs.h.  */
| #include <CoreFoundation/CFPreferences.h>
| int
| main ()
| {
| CFPreferencesCopyAppValue(NULL, NULL)
|   ;
|   return 0;
| }
configure:19413: result: no
configure:19420: checking for CFLocaleCopyCurrent
configure:19438: gcc -o conftest -g -O2   conftest.c  -Wl,-framework -Wl,CoreFoundation >&5
conftest.c:28:37: fatal error: CoreFoundation/CFLocale.h: No such file or directory
compilation terminated.
configure:19438: $? = 1
configure: failed program was:
| /* confdefs.h */
| #define PACKAGE_NAME "v4l-utils"
| #define PACKAGE_TARNAME "v4l-utils"
| #define PACKAGE_VERSION "1.15.0"
| #define PACKAGE_STRING "v4l-utils 1.15.0"
| #define PACKAGE_BUGREPORT ""
| #define PACKAGE_URL ""
| #define STDC_HEADERS 1
| #define HAVE_SYS_TYPES_H 1
| #define HAVE_SYS_STAT_H 1
| #define HAVE_STDLIB_H 1
| #define HAVE_STRING_H 1
| #define HAVE_MEMORY_H 1
| #define HAVE_STRINGS_H 1
| #define HAVE_INTTYPES_H 1
| #define HAVE_STDINT_H 1
| #define HAVE_UNISTD_H 1
| #define __EXTENSIONS__ 1
| #define _ALL_SOURCE 1
| #define _GNU_SOURCE 1
| #define _POSIX_PTHREAD_SEMANTICS 1
| #define _TANDEM_SOURCE 1
| #define PACKAGE "v4l-utils"
| #define VERSION "1.15.0"
| #define HAVE_DLFCN_H 1
| #define LT_OBJDIR ".libs/"
| /* end confdefs.h.  */
| #include <CoreFoundation/CFLocale.h>
| int
| main ()
| {
| CFLocaleCopyCurrent();
|   ;
|   return 0;
| }
configure:19447: result: no
configure:19496: checking for GNU gettext in libc
configure:19520: gcc -o conftest -g -O2   conftest.c  >&5
configure:19520: $? = 0
configure:19529: result: yes
configure:20366: checking whether to use NLS
configure:20368: result: yes
configure:20371: checking where the gettext function comes from
configure:20382: result: libc
configure:20485: checking whether the -Werror option is usable
configure:20504: gcc -c -g -O2 -Werror  conftest.c >&5
configure:20504: $? = 0
configure:20513: result: yes
configure:20515: checking for simple visibility declarations
configure:20542: gcc -c -g -O2 -fvisibility=hidden -Werror  conftest.c >&5
configure:20542: $? = 0
configure:20551: result: yes
configure:20569: checking sys/klog.h usability
configure:20569: gcc -c -g -O2  conftest.c >&5
configure:20569: $? = 0
configure:20569: result: yes
configure:20569: checking sys/klog.h presence
configure:20569: gcc -E  conftest.c
configure:20569: $? = 0
configure:20569: result: yes
configure:20569: checking for sys/klog.h
configure:20569: result: yes
configure:20581: checking for klogctl
configure:20581: gcc -o conftest -g -O2   conftest.c  >&5
configure:20581: $? = 0
configure:20581: result: yes
configure:20591: checking for ioctl with POSIX signature
configure:20608: gcc -c -g -O2  conftest.c >&5
conftest.c: In function 'main':
conftest.c:40:5: error: conflicting types for 'ioctl'
 int ioctl (int, int, ...);
     ^
In file included from conftest.c:36:0:
/usr/include/x86_64-linux-gnu/sys/ioctl.h:41:12: note: previous declaration of 'ioctl' was here
 extern int ioctl (int __fd, unsigned long int __request, ...) __THROW;
            ^
configure:20608: $? = 1
configure: failed program was:
| /* confdefs.h */
| #define PACKAGE_NAME "v4l-utils"
| #define PACKAGE_TARNAME "v4l-utils"
| #define PACKAGE_VERSION "1.15.0"
| #define PACKAGE_STRING "v4l-utils 1.15.0"
| #define PACKAGE_BUGREPORT ""
| #define PACKAGE_URL ""
| #define STDC_HEADERS 1
| #define HAVE_SYS_TYPES_H 1
| #define HAVE_SYS_STAT_H 1
| #define HAVE_STDLIB_H 1
| #define HAVE_STRING_H 1
| #define HAVE_MEMORY_H 1
| #define HAVE_STRINGS_H 1
| #define HAVE_INTTYPES_H 1
| #define HAVE_STDINT_H 1
| #define HAVE_UNISTD_H 1
| #define __EXTENSIONS__ 1
| #define _ALL_SOURCE 1
| #define _GNU_SOURCE 1
| #define _POSIX_PTHREAD_SEMANTICS 1
| #define _TANDEM_SOURCE 1
| #define PACKAGE "v4l-utils"
| #define VERSION "1.15.0"
| #define HAVE_DLFCN_H 1
| #define LT_OBJDIR ".libs/"
| #define ENABLE_NLS 1
| #define HAVE_GETTEXT 1
| #define HAVE_DCGETTEXT 1
| #define LIBDVBV5_DOMAIN "libdvbv5"
| #define LOCALEDIR "/usr/local/share/locale"
| #define HAVE_VISIBILITY 1
| #define HAVE_SYS_KLOG_H 1
| #define HAVE_KLOGCTL 1
| /* end confdefs.h.  */
| #include <sys/ioctl.h>
| int
| main ()
| {
| int ioctl (int, int, ...);
|   ;
|   return 0;
| }
| 
configure:20616: result: no
configure:20627: checking for __secure_getenv
configure:20627: gcc -o conftest -g -O2   conftest.c  >&5
/tmp/ccthVYL8.o: In function `main':
/home/stout/Documents/STOUT/v4l-utils/conftest.c:70: undefined reference to `__secure_getenv'
collect2: error: ld returned 1 exit status
configure:20627: $? = 1
configure: failed program was:
| /* confdefs.h */
| #define PACKAGE_NAME "v4l-utils"
| #define PACKAGE_TARNAME "v4l-utils"
| #define PACKAGE_VERSION "1.15.0"
| #define PACKAGE_STRING "v4l-utils 1.15.0"
| #define PACKAGE_BUGREPORT ""
| #define PACKAGE_URL ""
| #define STDC_HEADERS 1
| #define HAVE_SYS_TYPES_H 1
| #define HAVE_SYS_STAT_H 1
| #define HAVE_STDLIB_H 1
| #define HAVE_STRING_H 1
| #define HAVE_MEMORY_H 1
| #define HAVE_STRINGS_H 1
| #define HAVE_INTTYPES_H 1
| #define HAVE_STDINT_H 1
| #define HAVE_UNISTD_H 1
| #define __EXTENSIONS__ 1
| #define _ALL_SOURCE 1
| #define _GNU_SOURCE 1
| #define _POSIX_PTHREAD_SEMANTICS 1
| #define _TANDEM_SOURCE 1
| #define PACKAGE "v4l-utils"
| #define VERSION "1.15.0"
| #define HAVE_DLFCN_H 1
| #define LT_OBJDIR ".libs/"
| #define ENABLE_NLS 1
| #define HAVE_GETTEXT 1
| #define HAVE_DCGETTEXT 1
| #define LIBDVBV5_DOMAIN "libdvbv5"
| #define LOCALEDIR "/usr/local/share/locale"
| #define HAVE_VISIBILITY 1
| #define HAVE_SYS_KLOG_H 1
| #define HAVE_KLOGCTL 1
| /* end confdefs.h.  */
| /* Define __secure_getenv to an innocuous variant, in case <limits.h> declares __secure_getenv.
|    For example, HP-UX 11i <limits.h> declares gettimeofday.  */
| #define __secure_getenv innocuous___secure_getenv
| 
| /* System header to define __stub macros and hopefully few prototypes,
|     which can conflict with char __secure_getenv (); below.
|     Prefer <limits.h> to <assert.h> if __STDC__ is defined, since
|     <limits.h> exists even on freestanding compilers.  */
| 
| #ifdef __STDC__
| # include <limits.h>
| #else
| # include <assert.h>
| #endif
| 
| #undef __secure_getenv
| 
| /* Override any GCC internal prototype to avoid an error.
|    Use char because int might match the return type of a GCC
|    builtin and then its argument prototype would still apply.  */
| #ifdef __cplusplus
| extern "C"
| #endif
| char __secure_getenv ();
| /* The GNU C library defines this for functions which it implements
|     to always fail with ENOSYS.  Some functions are actually named
|     something starting with __ and the normal name is an alias.  */
| #if defined __stub___secure_getenv || defined __stub_____secure_getenv
| choke me
| #endif
| 
| int
| main ()
| {
| return __secure_getenv ();
|   ;
|   return 0;
| }
configure:20627: result: no
configure:20627: checking for secure_getenv
configure:20627: gcc -o conftest -g -O2   conftest.c  >&5
configure:20627: $? = 0
configure:20627: result: yes
configure:20636: checking whether sys/types.h defines makedev
configure:20652: gcc -o conftest -g -O2   conftest.c  >&5
configure:20652: $? = 0
configure:20661: result: yes
configure:20710: checking for X11
configure:20717: $PKG_CONFIG --exists --print-errors "x11"
configure:20720: $? = 0
configure:20734: $PKG_CONFIG --exists --print-errors "x11"
configure:20737: $? = 0
configure:20775: result: yes
configure:20793: checking for GL
configure:20800: $PKG_CONFIG --exists --print-errors "gl"
configure:20803: $? = 0
configure:20817: $PKG_CONFIG --exists --print-errors "gl"
configure:20820: $? = 0
configure:20858: result: yes
configure:20879: checking for GLU
configure:20886: $PKG_CONFIG --exists --print-errors "glu"
configure:20889: $? = 0
configure:20903: $PKG_CONFIG --exists --print-errors "glu"
configure:20906: $? = 0
configure:20944: result: yes
configure:20973: checking jpeglib.h usability
configure:20973: gcc -c -g -O2  conftest.c >&5
configure:20973: $? = 0
configure:20973: result: yes
configure:20973: checking jpeglib.h presence
configure:20973: gcc -E  conftest.c
configure:20973: $? = 0
configure:20973: result: yes
configure:20973: checking for jpeglib.h
configure:20973: result: yes
configure:20975: checking for jpeg_read_header in -ljpeg
configure:21000: gcc -o conftest -g -O2   conftest.c -ljpeg   >&5
configure:21000: $? = 0
configure:21009: result: yes
configure:21045: checking for QT5
configure:21052: $PKG_CONFIG --exists --print-errors "Qt5Core >= 5.0 Qt5Gui >= 5.0 Qt5Widgets >= 5.0"
Package Qt5Core was not found in the pkg-config search path.
Perhaps you should add the directory containing `Qt5Core.pc'
to the PKG_CONFIG_PATH environment variable
No package 'Qt5Core' found
Package Qt5Gui was not found in the pkg-config search path.
Perhaps you should add the directory containing `Qt5Gui.pc'
to the PKG_CONFIG_PATH environment variable
No package 'Qt5Gui' found
Package Qt5Widgets was not found in the pkg-config search path.
Perhaps you should add the directory containing `Qt5Widgets.pc'
to the PKG_CONFIG_PATH environment variable
No package 'Qt5Widgets' found
configure:21055: $? = 1
configure:21069: $PKG_CONFIG --exists --print-errors "Qt5Core >= 5.0 Qt5Gui >= 5.0 Qt5Widgets >= 5.0"
Package Qt5Core was not found in the pkg-config search path.
Perhaps you should add the directory containing `Qt5Core.pc'
to the PKG_CONFIG_PATH environment variable
No package 'Qt5Core' found
Package Qt5Gui was not found in the pkg-config search path.
Perhaps you should add the directory containing `Qt5Gui.pc'
to the PKG_CONFIG_PATH environment variable
No package 'Qt5Gui' found
Package Qt5Widgets was not found in the pkg-config search path.
Perhaps you should add the directory containing `Qt5Widgets.pc'
to the PKG_CONFIG_PATH environment variable
No package 'Qt5Widgets' found
configure:21072: $? = 1
configure:21086: result: no
No package 'Qt5Core' found
No package 'Qt5Gui' found
No package 'Qt5Widgets' found
configure:21336: checking for QT
configure:21343: $PKG_CONFIG --exists --print-errors "QtCore >= 4.0 QtGui >= 4.0"
configure:21346: $? = 0
configure:21360: $PKG_CONFIG --exists --print-errors "QtCore >= 4.0 QtGui >= 4.0"
configure:21363: $? = 0
configure:21401: result: yes
configure:21417: checking for QTGL
configure:21424: $PKG_CONFIG --exists --print-errors "QtOpenGL >= 4.8 gl"
configure:21427: $? = 0
configure:21441: $PKG_CONFIG --exists --print-errors "QtOpenGL >= 4.8 gl"
configure:21444: $? = 0
configure:21482: result: yes
configure:21505: checking for ALSA
configure:21512: $PKG_CONFIG --exists --print-errors "alsa"
configure:21515: $? = 0
configure:21529: $PKG_CONFIG --exists --print-errors "alsa"
configure:21532: $? = 0
configure:21570: result: yes
configure:21585: checking for libudev
configure:21592: $PKG_CONFIG --exists --print-errors "libudev"
configure:21595: $? = 0
configure:21609: $PKG_CONFIG --exists --print-errors "libudev"
configure:21612: $? = 0
configure:21650: result: yes
configure:21784: checking if compiler needs -Werror to reject unknown flags
configure:21800: gcc -c -g -O2 -Werror -Wunknown-warning-option -Wsizeof-array-argument  conftest.c >&5
gcc: error: unrecognized command line option '-Wunknown-warning-option'
configure:21800: $? = 1
configure: failed program was:
| /* confdefs.h */
| #define PACKAGE_NAME "v4l-utils"
| #define PACKAGE_TARNAME "v4l-utils"
| #define PACKAGE_VERSION "1.15.0"
| #define PACKAGE_STRING "v4l-utils 1.15.0"
| #define PACKAGE_BUGREPORT ""
| #define PACKAGE_URL ""
| #define STDC_HEADERS 1
| #define HAVE_SYS_TYPES_H 1
| #define HAVE_SYS_STAT_H 1
| #define HAVE_STDLIB_H 1
| #define HAVE_STRING_H 1
| #define HAVE_MEMORY_H 1
| #define HAVE_STRINGS_H 1
| #define HAVE_INTTYPES_H 1
| #define HAVE_STDINT_H 1
| #define HAVE_UNISTD_H 1
| #define __EXTENSIONS__ 1
| #define _ALL_SOURCE 1
| #define _GNU_SOURCE 1
| #define _POSIX_PTHREAD_SEMANTICS 1
| #define _TANDEM_SOURCE 1
| #define PACKAGE "v4l-utils"
| #define VERSION "1.15.0"
| #define HAVE_DLFCN_H 1
| #define LT_OBJDIR ".libs/"
| #define ENABLE_NLS 1
| #define HAVE_GETTEXT 1
| #define HAVE_DCGETTEXT 1
| #define LIBDVBV5_DOMAIN "libdvbv5"
| #define LOCALEDIR "/usr/local/share/locale"
| #define HAVE_VISIBILITY 1
| #define HAVE_SYS_KLOG_H 1
| #define HAVE_KLOGCTL 1
| #define HAVE_SECURE_GETENV 1
| #define HAVE_JPEG 1
| #define HAVE_QTGL 1
| #define HAVE_ALSA 1
| #define HAVE_LIBUDEV /**/
| /* end confdefs.h.  */
| int foo(void);
| int
| main ()
| {
| foo()
|   ;
|   return 0;
| }
configure:21805: result: no
configure:21871: checking for the pthreads library -lpthreads
configure:21909: gcc -o conftest -g -O2     conftest.c -lpthreads  >&5
/usr/bin/ld: cannot find -lpthreads
collect2: error: ld returned 1 exit status
configure:21909: $? = 1
configure: failed program was:
| /* confdefs.h */
| #define PACKAGE_NAME "v4l-utils"
| #define PACKAGE_TARNAME "v4l-utils"
| #define PACKAGE_VERSION "1.15.0"
| #define PACKAGE_STRING "v4l-utils 1.15.0"
| #define PACKAGE_BUGREPORT ""
| #define PACKAGE_URL ""
| #define STDC_HEADERS 1
| #define HAVE_SYS_TYPES_H 1
| #define HAVE_SYS_STAT_H 1
| #define HAVE_STDLIB_H 1
| #define HAVE_STRING_H 1
| #define HAVE_MEMORY_H 1
| #define HAVE_STRINGS_H 1
| #define HAVE_INTTYPES_H 1
| #define HAVE_STDINT_H 1
| #define HAVE_UNISTD_H 1
| #define __EXTENSIONS__ 1
| #define _ALL_SOURCE 1
| #define _GNU_SOURCE 1
| #define _POSIX_PTHREAD_SEMANTICS 1
| #define _TANDEM_SOURCE 1
| #define PACKAGE "v4l-utils"
| #define VERSION "1.15.0"
| #define HAVE_DLFCN_H 1
| #define LT_OBJDIR ".libs/"
| #define ENABLE_NLS 1
| #define HAVE_GETTEXT 1
| #define HAVE_DCGETTEXT 1
| #define LIBDVBV5_DOMAIN "libdvbv5"
| #define LOCALEDIR "/usr/local/share/locale"
| #define HAVE_VISIBILITY 1
| #define HAVE_SYS_KLOG_H 1
| #define HAVE_KLOGCTL 1
| #define HAVE_SECURE_GETENV 1
| #define HAVE_JPEG 1
| #define HAVE_QTGL 1
| #define HAVE_ALSA 1
| #define HAVE_LIBUDEV /**/
| /* end confdefs.h.  */
| #include <pthread.h>
|                         static void routine(void *a) { a = 0; }
|                         static void *start_routine(void *a) { return a; }
| int
| main ()
| {
| pthread_t th; pthread_attr_t attr;
|                         pthread_create(&th, 0, start_routine, 0);
|                         pthread_join(th, 0);
|                         pthread_attr_init(&attr);
|                         pthread_cleanup_push(routine, 0);
|                         pthread_cleanup_pop(0) /* ; */
|   ;
|   return 0;
| }
configure:21918: result: no
configure:21816: checking whether pthreads work without any flags
configure:21909: gcc -o conftest -g -O2     conftest.c   >&5
/tmp/ccjN40On.o: In function `main':
/home/stout/Documents/STOUT/v4l-utils/conftest.c:48: undefined reference to `pthread_create'
/home/stout/Documents/STOUT/v4l-utils/conftest.c:49: undefined reference to `pthread_join'
/home/stout/Documents/STOUT/v4l-utils/conftest.c:51: undefined reference to `__pthread_register_cancel'
/home/stout/Documents/STOUT/v4l-utils/conftest.c:52: undefined reference to `__pthread_unregister_cancel'
collect2: error: ld returned 1 exit status
configure:21909: $? = 1
configure: failed program was:
| /* confdefs.h */
| #define PACKAGE_NAME "v4l-utils"
| #define PACKAGE_TARNAME "v4l-utils"
| #define PACKAGE_VERSION "1.15.0"
| #define PACKAGE_STRING "v4l-utils 1.15.0"
| #define PACKAGE_BUGREPORT ""
| #define PACKAGE_URL ""
| #define STDC_HEADERS 1
| #define HAVE_SYS_TYPES_H 1
| #define HAVE_SYS_STAT_H 1
| #define HAVE_STDLIB_H 1
| #define HAVE_STRING_H 1
| #define HAVE_MEMORY_H 1
| #define HAVE_STRINGS_H 1
| #define HAVE_INTTYPES_H 1
| #define HAVE_STDINT_H 1
| #define HAVE_UNISTD_H 1
| #define __EXTENSIONS__ 1
| #define _ALL_SOURCE 1
| #define _GNU_SOURCE 1
| #define _POSIX_PTHREAD_SEMANTICS 1
| #define _TANDEM_SOURCE 1
| #define PACKAGE "v4l-utils"
| #define VERSION "1.15.0"
| #define HAVE_DLFCN_H 1
| #define LT_OBJDIR ".libs/"
| #define ENABLE_NLS 1
| #define HAVE_GETTEXT 1
| #define HAVE_DCGETTEXT 1
| #define LIBDVBV5_DOMAIN "libdvbv5"
| #define LOCALEDIR "/usr/local/share/locale"
| #define HAVE_VISIBILITY 1
| #define HAVE_SYS_KLOG_H 1
| #define HAVE_KLOGCTL 1
| #define HAVE_SECURE_GETENV 1
| #define HAVE_JPEG 1
| #define HAVE_QTGL 1
| #define HAVE_ALSA 1
| #define HAVE_LIBUDEV /**/
| /* end confdefs.h.  */
| #include <pthread.h>
|                         static void routine(void *a) { a = 0; }
|                         static void *start_routine(void *a) { return a; }
| int
| main ()
| {
| pthread_t th; pthread_attr_t attr;
|                         pthread_create(&th, 0, start_routine, 0);
|                         pthread_join(th, 0);
|                         pthread_attr_init(&attr);
|                         pthread_cleanup_push(routine, 0);
|                         pthread_cleanup_pop(0) /* ; */
|   ;
|   return 0;
| }
configure:21918: result: no
configure:21821: checking whether pthreads work with -Kthread
configure:21909: gcc -o conftest -g -O2 -Kthread    conftest.c   >&5
gcc: error: unrecognized command line option '-Kthread'
configure:21909: $? = 1
configure: failed program was:
| /* confdefs.h */
| #define PACKAGE_NAME "v4l-utils"
| #define PACKAGE_TARNAME "v4l-utils"
| #define PACKAGE_VERSION "1.15.0"
| #define PACKAGE_STRING "v4l-utils 1.15.0"
| #define PACKAGE_BUGREPORT ""
| #define PACKAGE_URL ""
| #define STDC_HEADERS 1
| #define HAVE_SYS_TYPES_H 1
| #define HAVE_SYS_STAT_H 1
| #define HAVE_STDLIB_H 1
| #define HAVE_STRING_H 1
| #define HAVE_MEMORY_H 1
| #define HAVE_STRINGS_H 1
| #define HAVE_INTTYPES_H 1
| #define HAVE_STDINT_H 1
| #define HAVE_UNISTD_H 1
| #define __EXTENSIONS__ 1
| #define _ALL_SOURCE 1
| #define _GNU_SOURCE 1
| #define _POSIX_PTHREAD_SEMANTICS 1
| #define _TANDEM_SOURCE 1
| #define PACKAGE "v4l-utils"
| #define VERSION "1.15.0"
| #define HAVE_DLFCN_H 1
| #define LT_OBJDIR ".libs/"
| #define ENABLE_NLS 1
| #define HAVE_GETTEXT 1
| #define HAVE_DCGETTEXT 1
| #define LIBDVBV5_DOMAIN "libdvbv5"
| #define LOCALEDIR "/usr/local/share/locale"
| #define HAVE_VISIBILITY 1
| #define HAVE_SYS_KLOG_H 1
| #define HAVE_KLOGCTL 1
| #define HAVE_SECURE_GETENV 1
| #define HAVE_JPEG 1
| #define HAVE_QTGL 1
| #define HAVE_ALSA 1
| #define HAVE_LIBUDEV /**/
| /* end confdefs.h.  */
| #include <pthread.h>
|                         static void routine(void *a) { a = 0; }
|                         static void *start_routine(void *a) { return a; }
| int
| main ()
| {
| pthread_t th; pthread_attr_t attr;
|                         pthread_create(&th, 0, start_routine, 0);
|                         pthread_join(th, 0);
|                         pthread_attr_init(&attr);
|                         pthread_cleanup_push(routine, 0);
|                         pthread_cleanup_pop(0) /* ; */
|   ;
|   return 0;
| }
configure:21918: result: no
configure:21821: checking whether pthreads work with -kthread
configure:21909: gcc -o conftest -g -O2 -kthread    conftest.c   >&5
gcc: error: unrecognized command line option '-kthread'
configure:21909: $? = 1
configure: failed program was:
| /* confdefs.h */
| #define PACKAGE_NAME "v4l-utils"
| #define PACKAGE_TARNAME "v4l-utils"
| #define PACKAGE_VERSION "1.15.0"
| #define PACKAGE_STRING "v4l-utils 1.15.0"
| #define PACKAGE_BUGREPORT ""
| #define PACKAGE_URL ""
| #define STDC_HEADERS 1
| #define HAVE_SYS_TYPES_H 1
| #define HAVE_SYS_STAT_H 1
| #define HAVE_STDLIB_H 1
| #define HAVE_STRING_H 1
| #define HAVE_MEMORY_H 1
| #define HAVE_STRINGS_H 1
| #define HAVE_INTTYPES_H 1
| #define HAVE_STDINT_H 1
| #define HAVE_UNISTD_H 1
| #define __EXTENSIONS__ 1
| #define _ALL_SOURCE 1
| #define _GNU_SOURCE 1
| #define _POSIX_PTHREAD_SEMANTICS 1
| #define _TANDEM_SOURCE 1
| #define PACKAGE "v4l-utils"
| #define VERSION "1.15.0"
| #define HAVE_DLFCN_H 1
| #define LT_OBJDIR ".libs/"
| #define ENABLE_NLS 1
| #define HAVE_GETTEXT 1
| #define HAVE_DCGETTEXT 1
| #define LIBDVBV5_DOMAIN "libdvbv5"
| #define LOCALEDIR "/usr/local/share/locale"
| #define HAVE_VISIBILITY 1
| #define HAVE_SYS_KLOG_H 1
| #define HAVE_KLOGCTL 1
| #define HAVE_SECURE_GETENV 1
| #define HAVE_JPEG 1
| #define HAVE_QTGL 1
| #define HAVE_ALSA 1
| #define HAVE_LIBUDEV /**/
| /* end confdefs.h.  */
| #include <pthread.h>
|                         static void routine(void *a) { a = 0; }
|                         static void *start_routine(void *a) { return a; }
| int
| main ()
| {
| pthread_t th; pthread_attr_t attr;
|                         pthread_create(&th, 0, start_routine, 0);
|                         pthread_join(th, 0);
|                         pthread_attr_init(&attr);
|                         pthread_cleanup_push(routine, 0);
|                         pthread_cleanup_pop(0) /* ; */
|   ;
|   return 0;
| }
configure:21918: result: no
configure:21871: checking for the pthreads library -llthread
configure:21909: gcc -o conftest -g -O2     conftest.c -llthread  >&5
/usr/bin/ld: cannot find -llthread
collect2: error: ld returned 1 exit status
configure:21909: $? = 1
configure: failed program was:
| /* confdefs.h */
| #define PACKAGE_NAME "v4l-utils"
| #define PACKAGE_TARNAME "v4l-utils"
| #define PACKAGE_VERSION "1.15.0"
| #define PACKAGE_STRING "v4l-utils 1.15.0"
| #define PACKAGE_BUGREPORT ""
| #define PACKAGE_URL ""
| #define STDC_HEADERS 1
| #define HAVE_SYS_TYPES_H 1
| #define HAVE_SYS_STAT_H 1
| #define HAVE_STDLIB_H 1
| #define HAVE_STRING_H 1
| #define HAVE_MEMORY_H 1
| #define HAVE_STRINGS_H 1
| #define HAVE_INTTYPES_H 1
| #define HAVE_STDINT_H 1
| #define HAVE_UNISTD_H 1
| #define __EXTENSIONS__ 1
| #define _ALL_SOURCE 1
| #define _GNU_SOURCE 1
| #define _POSIX_PTHREAD_SEMANTICS 1
| #define _TANDEM_SOURCE 1
| #define PACKAGE "v4l-utils"
| #define VERSION "1.15.0"
| #define HAVE_DLFCN_H 1
| #define LT_OBJDIR ".libs/"
| #define ENABLE_NLS 1
| #define HAVE_GETTEXT 1
| #define HAVE_DCGETTEXT 1
| #define LIBDVBV5_DOMAIN "libdvbv5"
| #define LOCALEDIR "/usr/local/share/locale"
| #define HAVE_VISIBILITY 1
| #define HAVE_SYS_KLOG_H 1
| #define HAVE_KLOGCTL 1
| #define HAVE_SECURE_GETENV 1
| #define HAVE_JPEG 1
| #define HAVE_QTGL 1
| #define HAVE_ALSA 1
| #define HAVE_LIBUDEV /**/
| /* end confdefs.h.  */
| #include <pthread.h>
|                         static void routine(void *a) { a = 0; }
|                         static void *start_routine(void *a) { return a; }
| int
| main ()
| {
| pthread_t th; pthread_attr_t attr;
|                         pthread_create(&th, 0, start_routine, 0);
|                         pthread_join(th, 0);
|                         pthread_attr_init(&attr);
|                         pthread_cleanup_push(routine, 0);
|                         pthread_cleanup_pop(0) /* ; */
|   ;
|   return 0;
| }
configure:21918: result: no
configure:21821: checking whether pthreads work with -pthread
configure:21909: gcc -o conftest -g -O2 -pthread    conftest.c   >&5
configure:21909: $? = 0
configure:21918: result: yes
configure:21937: checking for joinable pthread attribute
configure:21952: gcc -o conftest -g -O2 -pthread   conftest.c   >&5
configure:21952: $? = 0
configure:21958: result: PTHREAD_CREATE_JOINABLE
configure:21968: checking if more special flags are required for pthreads
configure:21983: result: no
configure:21989: checking for PTHREAD_PRIO_INHERIT
configure:22006: gcc -o conftest -g -O2 -pthread   conftest.c   >&5
configure:22006: $? = 0
configure:22015: result: yes
configure:22123: checking for library containing dlopen
configure:22154: gcc -o conftest -g -O2   conftest.c  >&5
/tmp/ccLMyM2q.o: In function `main':
/home/stout/Documents/STOUT/v4l-utils/conftest.c:54: undefined reference to `dlopen'
collect2: error: ld returned 1 exit status
configure:22154: $? = 1
configure: failed program was:
| /* confdefs.h */
| #define PACKAGE_NAME "v4l-utils"
| #define PACKAGE_TARNAME "v4l-utils"
| #define PACKAGE_VERSION "1.15.0"
| #define PACKAGE_STRING "v4l-utils 1.15.0"
| #define PACKAGE_BUGREPORT ""
| #define PACKAGE_URL ""
| #define STDC_HEADERS 1
| #define HAVE_SYS_TYPES_H 1
| #define HAVE_SYS_STAT_H 1
| #define HAVE_STDLIB_H 1
| #define HAVE_STRING_H 1
| #define HAVE_MEMORY_H 1
| #define HAVE_STRINGS_H 1
| #define HAVE_INTTYPES_H 1
| #define HAVE_STDINT_H 1
| #define HAVE_UNISTD_H 1
| #define __EXTENSIONS__ 1
| #define _ALL_SOURCE 1
| #define _GNU_SOURCE 1
| #define _POSIX_PTHREAD_SEMANTICS 1
| #define _TANDEM_SOURCE 1
| #define PACKAGE "v4l-utils"
| #define VERSION "1.15.0"
| #define HAVE_DLFCN_H 1
| #define LT_OBJDIR ".libs/"
| #define ENABLE_NLS 1
| #define HAVE_GETTEXT 1
| #define HAVE_DCGETTEXT 1
| #define LIBDVBV5_DOMAIN "libdvbv5"
| #define LOCALEDIR "/usr/local/share/locale"
| #define HAVE_VISIBILITY 1
| #define HAVE_SYS_KLOG_H 1
| #define HAVE_KLOGCTL 1
| #define HAVE_SECURE_GETENV 1
| #define HAVE_JPEG 1
| #define HAVE_QTGL 1
| #define HAVE_ALSA 1
| #define HAVE_LIBUDEV /**/
| #define HAVE_PTHREAD_PRIO_INHERIT 1
| #define HAVE_PTHREAD 1
| /* end confdefs.h.  */
| 
| /* Override any GCC internal prototype to avoid an error.
|    Use char because int might match the return type of a GCC
|    builtin and then its argument prototype would still apply.  */
| #ifdef __cplusplus
| extern "C"
| #endif
| char dlopen ();
| int
| main ()
| {
| return dlopen ();
|   ;
|   return 0;
| }
configure:22154: gcc -o conftest -g -O2   conftest.c -ldl   >&5
configure:22154: $? = 0
configure:22171: result: -ldl
configure:22185: checking argp.h usability
configure:22185: gcc -c -g -O2  conftest.c >&5
configure:22185: $? = 0
configure:22185: result: yes
configure:22185: checking argp.h presence
configure:22185: gcc -E  conftest.c
configure:22185: $? = 0
configure:22185: result: yes
configure:22185: checking for argp.h
configure:22185: result: yes
configure:22194: checking for library containing argp_parse
configure:22225: gcc -o conftest -g -O2   conftest.c  >&5
configure:22225: $? = 0
configure:22242: result: none required
configure:22257: checking for fork
configure:22257: gcc -o conftest -g -O2   conftest.c  >&5
conftest.c:66:6: warning: conflicting types for built-in function 'fork'
 char fork ();
      ^
configure:22257: $? = 0
configure:22257: result: yes
configure:22277: checking linux/i2c-dev.h usability
configure:22277: gcc -c -g -O2  conftest.c >&5
configure:22277: $? = 0
configure:22277: result: yes
configure:22277: checking linux/i2c-dev.h presence
configure:22277: gcc -E  conftest.c
configure:22277: $? = 0
configure:22277: result: yes
configure:22277: checking for linux/i2c-dev.h
configure:22277: result: yes
configure:22324: checking for iconv
configure:22348: gcc -o conftest -g -O2   conftest.c  >&5
configure:22348: $? = 0
configure:22382: result: yes
configure:22385: checking for working iconv
configure:22514: gcc -o conftest -g -O2   conftest.c  >&5
configure:22514: $? = 0
configure:22514: ./conftest
configure:22514: $? = 0
configure:22526: result: yes
configure:22554: checking for iconv declaration
configure:22583: gcc -c -g -O2  conftest.c >&5
configure:22583: $? = 0
configure:22594: result:
         extern size_t iconv (iconv_t cd, char * *inbuf, size_t *inbytesleft, char * *outbuf, size_t *outbytesleft);

## ---------------- ##
## Cache variables. ##
## ---------------- ##

ac_cv_build=x86_64-pc-linux-gnu
ac_cv_c_compiler_gnu=yes
ac_cv_cxx_compiler_gnu=yes
ac_cv_env_ALSA_CFLAGS_set=
ac_cv_env_ALSA_CFLAGS_value=
ac_cv_env_ALSA_LIBS_set=
ac_cv_env_ALSA_LIBS_value=
ac_cv_env_CCC_set=
ac_cv_env_CCC_value=
ac_cv_env_CC_set=
ac_cv_env_CC_value=
ac_cv_env_CFLAGS_set=
ac_cv_env_CFLAGS_value=
ac_cv_env_CPPFLAGS_set=
ac_cv_env_CPPFLAGS_value=
ac_cv_env_CPP_set=
ac_cv_env_CPP_value=
ac_cv_env_CXXCPP_set=
ac_cv_env_CXXCPP_value=
ac_cv_env_CXXFLAGS_set=
ac_cv_env_CXXFLAGS_value=
ac_cv_env_CXX_set=
ac_cv_env_CXX_value=
ac_cv_env_DOXYGEN_PAPER_SIZE_set=
ac_cv_env_DOXYGEN_PAPER_SIZE_value=
ac_cv_env_GLU_CFLAGS_set=
ac_cv_env_GLU_CFLAGS_value=
ac_cv_env_GLU_LIBS_set=
ac_cv_env_GLU_LIBS_value=
ac_cv_env_GL_CFLAGS_set=
ac_cv_env_GL_CFLAGS_value=
ac_cv_env_GL_LIBS_set=
ac_cv_env_GL_LIBS_value=
ac_cv_env_LDFLAGS_set=
ac_cv_env_LDFLAGS_value=
ac_cv_env_LIBS_set=
ac_cv_env_LIBS_value=
ac_cv_env_LT_SYS_LIBRARY_PATH_set=
ac_cv_env_LT_SYS_LIBRARY_PATH_value=
ac_cv_env_PKG_CONFIG_LIBDIR_set=
ac_cv_env_PKG_CONFIG_LIBDIR_value=
ac_cv_env_PKG_CONFIG_PATH_set=
ac_cv_env_PKG_CONFIG_PATH_value=
ac_cv_env_PKG_CONFIG_set=
ac_cv_env_PKG_CONFIG_value=
ac_cv_env_QT5GL_CFLAGS_set=
ac_cv_env_QT5GL_CFLAGS_value=
ac_cv_env_QT5GL_LIBS_set=
ac_cv_env_QT5GL_LIBS_value=
ac_cv_env_QT5_CFLAGS_set=
ac_cv_env_QT5_CFLAGS_value=
ac_cv_env_QT5_LIBS_set=
ac_cv_env_QT5_LIBS_value=
ac_cv_env_QTGL_CFLAGS_set=
ac_cv_env_QTGL_CFLAGS_value=
ac_cv_env_QTGL_LIBS_set=
ac_cv_env_QTGL_LIBS_value=
ac_cv_env_QT_CFLAGS_set=
ac_cv_env_QT_CFLAGS_value=
ac_cv_env_QT_LIBS_set=
ac_cv_env_QT_LIBS_value=
ac_cv_env_SDL2_CFLAGS_set=
ac_cv_env_SDL2_CFLAGS_value=
ac_cv_env_SDL2_LIBS_set=
ac_cv_env_SDL2_LIBS_value=
ac_cv_env_X11_CFLAGS_set=
ac_cv_env_X11_CFLAGS_value=
ac_cv_env_X11_LIBS_set=
ac_cv_env_X11_LIBS_value=
ac_cv_env_build_alias_set=
ac_cv_env_build_alias_value=
ac_cv_env_host_alias_set=
ac_cv_env_host_alias_value=
ac_cv_env_libudev_CFLAGS_set=
ac_cv_env_libudev_CFLAGS_value=
ac_cv_env_libudev_LIBS_set=
ac_cv_env_libudev_LIBS_value=
ac_cv_env_target_alias_set=
ac_cv_env_target_alias_value=
ac_cv_func___secure_getenv=no
ac_cv_func_fork=yes
ac_cv_func_klogctl=yes
ac_cv_func_secure_getenv=yes
ac_cv_header_argp_h=yes
ac_cv_header_dlfcn_h=yes
ac_cv_header_inttypes_h=yes
ac_cv_header_jpeglib_h=yes
ac_cv_header_linux_i2c_dev_h=yes
ac_cv_header_memory_h=yes
ac_cv_header_minix_config_h=no
ac_cv_header_stdc=yes
ac_cv_header_stdint_h=yes
ac_cv_header_stdlib_h=yes
ac_cv_header_string_h=yes
ac_cv_header_strings_h=yes
ac_cv_header_sys_klog_h=yes
ac_cv_header_sys_stat_h=yes
ac_cv_header_sys_types_h=yes
ac_cv_header_sys_types_h_makedev=yes
ac_cv_header_unistd_h=yes
ac_cv_host=x86_64-pc-linux-gnu
ac_cv_lib_jpeg_jpeg_read_header=yes
ac_cv_objext=o
ac_cv_path_EGREP='/bin/grep -E'
ac_cv_path_FGREP='/bin/grep -F'
ac_cv_path_GMSGFMT=/usr/bin/msgfmt
ac_cv_path_GREP=/bin/grep
ac_cv_path_MSGFMT=/usr/bin/msgfmt
ac_cv_path_MSGMERGE=/usr/bin/msgmerge
ac_cv_path_SED=/bin/sed
ac_cv_path_XGETTEXT=/usr/bin/xgettext
ac_cv_path_ac_pt_DX_DOT=/usr/bin/dot
ac_cv_path_ac_pt_DX_DOXYGEN=/usr/bin/doxygen
ac_cv_path_ac_pt_DX_EGREP=/bin/egrep
ac_cv_path_ac_pt_DX_PERL=/usr/bin/perl
ac_cv_path_ac_pt_PKG_CONFIG=/usr/bin/pkg-config
ac_cv_path_install='/usr/bin/install -c'
ac_cv_path_lt_DD=/bin/dd
ac_cv_path_mkdir=/bin/mkdir
ac_cv_prog_AWK=mawk
ac_cv_prog_CPP='gcc -E'
ac_cv_prog_CXXCPP='g++ -E'
ac_cv_prog_ac_ct_AR=ar
ac_cv_prog_ac_ct_CC=gcc
ac_cv_prog_ac_ct_CXX=g++
ac_cv_prog_ac_ct_MANIFEST_TOOL=mt
ac_cv_prog_ac_ct_OBJDUMP=objdump
ac_cv_prog_ac_ct_RANLIB=ranlib
ac_cv_prog_ac_ct_STRIP=strip
ac_cv_prog_cc_c89=
ac_cv_prog_cc_c99=
ac_cv_prog_cc_g=yes
ac_cv_prog_cxx_g=yes
ac_cv_prog_make_make_set=yes
ac_cv_safe_to_define___extensions__=yes
ac_cv_search_argp_parse='none required'
ac_cv_search_dlopen=-ldl
acl_cv_path_LD='/usr/bin/ld -m elf_x86_64'
acl_cv_prog_gnu_ld=yes
acl_cv_rpath=done
am_cv_CC_dependencies_compiler_type=gcc3
am_cv_CXX_dependencies_compiler_type=gcc3
am_cv_func_iconv=yes
am_cv_func_iconv_works=yes
am_cv_lib_iconv=no
am_cv_make_support_nested_variables=yes
am_cv_prog_cc_c_o=yes
am_cv_proto_iconv='extern size_t iconv (iconv_t cd, char * *inbuf, size_t *inbytesleft, char * *outbuf, size_t *outbytesleft);'
am_cv_proto_iconv_arg1=
ax_cv_PTHREAD_PRIO_INHERIT=yes
gl_cv_cc_vis_werror=yes
gl_cv_cc_visibility=yes
gl_cv_func_ioctl_posix_signature=no
gt_cv_func_CFLocaleCopyCurrent=no
gt_cv_func_CFPreferencesCopyAppValue=no
gt_cv_func_gnugettext1_libc=yes
lt_cv_ar_at_file=@
lt_cv_archive_cmds_need_lc=no
lt_cv_deplibs_check_method=pass_all
lt_cv_file_magic_cmd='$MAGIC_CMD'
lt_cv_file_magic_test_file=
lt_cv_ld_reload_flag=-r
lt_cv_nm_interface='BSD nm'
lt_cv_objdir=.libs
lt_cv_path_LD=/usr/bin/ld
lt_cv_path_LDCXX='/usr/bin/ld -m elf_x86_64'
lt_cv_path_NM='/usr/bin/nm -B'
lt_cv_path_mainfest_tool=no
lt_cv_prog_compiler_c_o=yes
lt_cv_prog_compiler_c_o_CXX=yes
lt_cv_prog_compiler_pic='-fPIC -DPIC'
lt_cv_prog_compiler_pic_CXX='-fPIC -DPIC'
lt_cv_prog_compiler_pic_works=yes
lt_cv_prog_compiler_pic_works_CXX=yes
lt_cv_prog_compiler_rtti_exceptions=no
lt_cv_prog_compiler_static_works=yes
lt_cv_prog_compiler_static_works_CXX=yes
lt_cv_prog_gnu_ld=yes
lt_cv_prog_gnu_ldcxx=yes
lt_cv_sharedlib_from_linklib_cmd='printf %s\n'
lt_cv_shlibpath_overrides_runpath=no
lt_cv_sys_global_symbol_pipe='sed -n -e '\''s/^.*[	 ]\([ABCDGIRSTW][ABCDGIRSTW]*\)[	 ][	 ]*\([_A-Za-z][_A-Za-z0-9]*\)$/\1 \2 \2/p'\'' | sed '\''/ __gnu_lto/d'\'''
lt_cv_sys_global_symbol_to_c_name_address='sed -n -e '\''s/^: \(.*\) .*$/  {"\1", (void *) 0},/p'\'' -e '\''s/^[ABCDGIRSTW][ABCDGIRSTW]* .* \(.*\)$/  {"\1", (void *) \&\1},/p'\'''
lt_cv_sys_global_symbol_to_c_name_address_lib_prefix='sed -n -e '\''s/^: \(.*\) .*$/  {"\1", (void *) 0},/p'\'' -e '\''s/^[ABCDGIRSTW][ABCDGIRSTW]* .* \(lib.*\)$/  {"\1", (void *) \&\1},/p'\'' -e '\''s/^[ABCDGIRSTW][ABCDGIRSTW]* .* \(.*\)$/  {"lib\1", (void *) \&\1},/p'\'''
lt_cv_sys_global_symbol_to_cdecl='sed -n -e '\''s/^T .* \(.*\)$/extern int \1();/p'\'' -e '\''s/^[ABCDGIRSTW][ABCDGIRSTW]* .* \(.*\)$/extern char \1;/p'\'''
lt_cv_sys_global_symbol_to_import=
lt_cv_sys_max_cmd_len=1572864
lt_cv_to_host_file_cmd=func_convert_file_noop
lt_cv_to_tool_file_cmd=func_convert_file_noop
lt_cv_truncate_bin='/bin/dd bs=4096 count=1'
pkg_cv_ALSA_CFLAGS=-I/usr/include/alsa
pkg_cv_ALSA_LIBS=-lasound
pkg_cv_GLU_CFLAGS=-I/usr/include/libdrm
pkg_cv_GLU_LIBS='-lGLU -lGL'
pkg_cv_GL_CFLAGS=-I/usr/include/libdrm
pkg_cv_GL_LIBS=-lGL
pkg_cv_QTGL_CFLAGS='-DQT_SHARED -I/usr/include/qt4 -I/usr/include/qt4/QtOpenGL -I/usr/include/qt4 -I/usr/include/qt4/QtGui -I/usr/include/qt4 -I/usr/include/qt4/QtCore -I/usr/include/libdrm'
pkg_cv_QTGL_LIBS='-lQtOpenGL -lQtGui -lQtCore -lGL'
pkg_cv_QT_CFLAGS='-DQT_SHARED -I/usr/include/qt4 -I/usr/include/qt4/QtGui -I/usr/include/qt4 -I/usr/include/qt4/QtCore'
pkg_cv_QT_LIBS='-lQtGui -lQtCore'
pkg_cv_X11_CFLAGS=
pkg_cv_X11_LIBS=-lX11
pkg_cv_libudev_CFLAGS=
pkg_cv_libudev_LIBS=-ludev

## ----------------- ##
## Output variables. ##
## ----------------- ##

ACLOCAL='${SHELL} /home/stout/Documents/STOUT/v4l-utils/build-aux/missing aclocal-1.15'
ALSA_CFLAGS='-I/usr/include/alsa'
ALSA_LIBS='-lasound'
AMDEPBACKSLASH='\'
AMDEP_FALSE='#'
AMDEP_TRUE=''
AMTAR='$${TAR-tar}'
AM_BACKSLASH='\'
AM_DEFAULT_V='$(AM_DEFAULT_VERBOSITY)'
AM_DEFAULT_VERBOSITY='0'
AM_V='$(V)'
AR='ar'
ARGP_LIBS=''
AUTOCONF='${SHELL} /home/stout/Documents/STOUT/v4l-utils/build-aux/missing autoconf'
AUTOHEADER='${SHELL} /home/stout/Documents/STOUT/v4l-utils/build-aux/missing autoheader'
AUTOMAKE='${SHELL} /home/stout/Documents/STOUT/v4l-utils/build-aux/missing automake-1.15'
AWK='mawk'
CC='gcc'
CCDEPMODE='depmode=gcc3'
CFLAGS='-g -O2'
CFLAG_VISIBILITY='-fvisibility=hidden'
CPP='gcc -E'
CPPFLAGS=''
CXX='g++'
CXXCPP='g++ -E'
CXXDEPMODE='depmode=gcc3'
CXXFLAGS='-g -O2'
CYGPATH_W='echo'
DEFS=''
DEPDIR='.deps'
DLLTOOL='false'
DLOPEN_LIBS='-ldl'
DOXYGEN_PAPER_SIZE=''
DSYMUTIL=''
DUMPBIN=''
DX_COND_chi_FALSE=''
DX_COND_chi_TRUE='#'
DX_COND_chm_FALSE=''
DX_COND_chm_TRUE='#'
DX_COND_doc_FALSE='#'
DX_COND_doc_TRUE=''
DX_COND_dot_FALSE='#'
DX_COND_dot_TRUE=''
DX_COND_html_FALSE='#'
DX_COND_html_TRUE=''
DX_COND_latex_FALSE=''
DX_COND_latex_TRUE='#'
DX_COND_man_FALSE=''
DX_COND_man_TRUE='#'
DX_COND_pdf_FALSE=''
DX_COND_pdf_TRUE='#'
DX_COND_ps_FALSE=''
DX_COND_ps_TRUE='#'
DX_COND_rtf_FALSE=''
DX_COND_rtf_TRUE='#'
DX_COND_xml_FALSE=''
DX_COND_xml_TRUE='#'
DX_CONFIG='doxygen_libdvbv5.cfg'
DX_DOCDIR='doxygen-doc'
DX_DOT='/usr/bin/dot'
DX_DOXYGEN='/usr/bin/doxygen'
DX_DVIPS=''
DX_EGREP='/bin/egrep'
DX_ENV=' SRCDIR='\''.'\'' PROJECT='\''v4l-utils'\'' DOCDIR='\''doxygen-doc'\'' VERSION='\''1.15.0'\'' PERL_PATH='\''/usr/bin/perl'\'' HAVE_DOT='\''YES'\'' DOT_PATH='\''/usr/bin'\'' GENERATE_MAN='\''NO'\'' GENERATE_RTF='\''NO'\'' GENERATE_XML='\''NO'\'' GENERATE_HTMLHELP='\''NO'\'' GENERATE_CHI='\''NO'\'' GENERATE_HTML='\''YES'\'' GENERATE_LATEX='\''NO'\'''
DX_FLAG_chi='0'
DX_FLAG_chm='0'
DX_FLAG_doc='1'
DX_FLAG_dot='1'
DX_FLAG_html='1'
DX_FLAG_man='0'
DX_FLAG_pdf='0'
DX_FLAG_ps='0'
DX_FLAG_rtf='0'
DX_FLAG_xml='0'
DX_HHC=''
DX_LATEX=''
DX_MAKEINDEX=''
DX_PDFLATEX=''
DX_PERL='/usr/bin/perl'
DX_PROJECT='v4l-utils'
ECHO_C=''
ECHO_N='-n'
ECHO_T=''
EGREP='/bin/grep -E'
ENFORCE_LIBDVBV5_STATIC=''
ENFORCE_LIBV4L_STATIC=''
EXEEXT=''
FGREP='/bin/grep -F'
GETTEXT_MACRO_VERSION='0.19'
GLU_CFLAGS='-I/usr/include/libdrm'
GLU_LIBS='-lGLU -lGL'
GL_CFLAGS='-I/usr/include/libdrm'
GL_LIBS='-lGL'
GMSGFMT='/usr/bin/msgfmt'
GMSGFMT_015='/usr/bin/msgfmt'
GREP='/bin/grep'
HAVE_GLU_FALSE='#'
HAVE_GLU_TRUE=''
HAVE_GL_FALSE='#'
HAVE_GL_TRUE=''
HAVE_JPEG_FALSE='#'
HAVE_JPEG_TRUE=''
HAVE_LIBV4LCONVERT_HELPERS_FALSE='#'
HAVE_LIBV4LCONVERT_HELPERS_TRUE=''
HAVE_LINUX_I2C_DEV_FALSE='#'
HAVE_LINUX_I2C_DEV_TRUE=''
HAVE_SDL_FALSE=''
HAVE_SDL_TRUE=''
HAVE_VISIBILITY='1'
HAVE_X11_FALSE='#'
HAVE_X11_TRUE=''
INSTALL_DATA='${INSTALL} -m 644'
INSTALL_PROGRAM='${INSTALL}'
INSTALL_SCRIPT='${INSTALL}'
INSTALL_STRIP_PROGRAM='$(install_sh) -c -s'
INTLLIBS=''
INTL_MACOSX_LIBS=''
JPEG_LIBS='-ljpeg'
LD='/usr/bin/ld -m elf_x86_64'
LDFLAGS=''
LIBDVBV5_DOMAIN='libdvbv5'
LIBICONV=''
LIBINTL=''
LIBOBJS=''
LIBS=''
LIBTOOL='$(SHELL) $(top_builddir)/libtool'
LIBUDEV_CFLAGS=''
LIBUDEV_LIBS='-ludev'
LINUX_OS_FALSE='#'
LINUX_OS_TRUE=''
LIPO=''
LN_S='ln -s'
LTLIBICONV=''
LTLIBINTL=''
LTLIBOBJS=''
LT_SYS_LIBRARY_PATH=''
MAINT='#'
MAINTAINER_MODE_FALSE=''
MAINTAINER_MODE_TRUE='#'
MAJOR=''
MAKEINFO='${SHELL} /home/stout/Documents/STOUT/v4l-utils/build-aux/missing makeinfo'
MANIFEST_TOOL=':'
MINOR=''
MKDIR_P='/bin/mkdir -p'
MOC='/usr/lib/x86_64-linux-gnu/qt4/bin/moc'
MSGFMT='/usr/bin/msgfmt'
MSGFMT_015='/usr/bin/msgfmt'
MSGMERGE='/usr/bin/msgmerge'
NM='/usr/bin/nm -B'
NMEDIT=''
OBJDUMP='objdump'
OBJEXT='o'
OTOOL64=''
OTOOL=''
PACKAGE='v4l-utils'
PACKAGE_BUGREPORT=''
PACKAGE_NAME='v4l-utils'
PACKAGE_STRING='v4l-utils 1.15.0'
PACKAGE_TARNAME='v4l-utils'
PACKAGE_URL=''
PACKAGE_VERSION='1.15.0'
PATCH=''
PATH_SEPARATOR=':'
PKG_CONFIG='/usr/bin/pkg-config'
PKG_CONFIG_LIBDIR=''
PKG_CONFIG_PATH=''
POSUB='po'
PTHREAD_CC='gcc'
PTHREAD_CFLAGS='-pthread'
PTHREAD_LIBS=''
QT5GL_CFLAGS=''
QT5GL_LIBS=''
QT5_CFLAGS=''
QT5_LIBS=''
QTGL_CFLAGS='-DQT_SHARED -I/usr/include/qt4 -I/usr/include/qt4/QtOpenGL -I/usr/include/qt4 -I/usr/include/qt4/QtGui -I/usr/include/qt4 -I/usr/include/qt4/QtCore -I/usr/include/libdrm'
QTGL_LIBS='-lQtOpenGL -lQtGui -lQtCore -lGL'
QT_CFLAGS='-DQT_SHARED -I/usr/include/qt4 -I/usr/include/qt4/QtGui -I/usr/include/qt4 -I/usr/include/qt4/QtCore'
QT_LIBS='-lQtGui -lQtCore'
RANLIB='ranlib'
RCC='/usr/lib/x86_64-linux-gnu/qt4/bin/rcc'
SDL2_CFLAGS=''
SDL2_LIBS=''
SED='/bin/sed'
SET_MAKE=''
SHELL='/bin/bash'
STRIP='strip'
UIC='/usr/lib/x86_64-linux-gnu/qt4/bin/uic'
USE_NLS='yes'
V4L_UTILS_VERSION=''
VERSION='1.15.0'
WITH_DVBV5_REMOTE_FALSE=''
WITH_DVBV5_REMOTE_TRUE=''
WITH_DYN_LIBV4L_FALSE=''
WITH_DYN_LIBV4L_TRUE=''
WITH_GCONV_FALSE=''
WITH_GCONV_TRUE=''
WITH_LIBDVBV5_FALSE=''
WITH_LIBDVBV5_TRUE=''
WITH_QTGL_FALSE=''
WITH_QTGL_TRUE=''
WITH_QV4L2_FALSE=''
WITH_QV4L2_TRUE=''
WITH_V4L2_COMPLIANCE_LIBV4L_FALSE=''
WITH_V4L2_COMPLIANCE_LIBV4L_TRUE=''
WITH_V4L2_CTL_LIBV4L_FALSE=''
WITH_V4L2_CTL_LIBV4L_TRUE=''
WITH_V4L2_CTL_STREAM_TO_FALSE=''
WITH_V4L2_CTL_STREAM_TO_TRUE=''
WITH_V4LUTILS_FALSE=''
WITH_V4LUTILS_TRUE=''
WITH_V4L_PLUGINS_FALSE=''
WITH_V4L_PLUGINS_TRUE=''
WITH_V4L_WRAPPERS_FALSE=''
WITH_V4L_WRAPPERS_TRUE=''
X11_CFLAGS=''
X11_LIBS='-lX11'
XGETTEXT='/usr/bin/xgettext'
XGETTEXT_015='/usr/bin/xgettext'
XGETTEXT_EXTRA_OPTIONS=''
ac_ct_AR='ar'
ac_ct_CC='gcc'
ac_ct_CXX='g++'
ac_ct_DUMPBIN=''
am__EXEEXT_FALSE=''
am__EXEEXT_TRUE=''
am__fastdepCC_FALSE='#'
am__fastdepCC_TRUE=''
am__fastdepCXX_FALSE='#'
am__fastdepCXX_TRUE=''
am__include='include'
am__isrc=''
am__leading_dot='.'
am__nodep='_no'
am__quote=''
am__tar='$${TAR-tar} chof - "$$tardir"'
am__untar='$${TAR-tar} xf -'
ax_pthread_config=''
bindir='${exec_prefix}/bin'
build='x86_64-pc-linux-gnu'
build_alias=''
build_cpu='x86_64'
build_os='linux-gnu'
build_vendor='pc'
datadir='${datarootdir}'
datarootdir='${prefix}/share'
docdir='${datarootdir}/doc/${PACKAGE_TARNAME}'
dvidir='${docdir}'
exec_prefix='NONE'
gconvsysdir=''
host='x86_64-pc-linux-gnu'
host_alias=''
host_cpu='x86_64'
host_os='linux-gnu'
host_vendor='pc'
htmldir='${docdir}'
includedir='${prefix}/include'
infodir='${datarootdir}/info'
install_sh='${SHELL} /home/stout/Documents/STOUT/v4l-utils/build-aux/install-sh'
keytablesystemdir='/lib/udev/rc_keymaps'
keytableuserdir='${prefix}/etc/rc_keymaps'
libdir='${exec_prefix}/lib'
libexecdir='${exec_prefix}/libexec'
libudev_CFLAGS=''
libudev_LIBS='-ludev'
libv4l1privdir='${exec_prefix}/lib/libv4l'
libv4l1subdir='libv4l'
libv4l2plugindir='${exec_prefix}/lib/libv4l/plugins'
libv4l2privdir='${exec_prefix}/lib/libv4l'
libv4l2subdir='libv4l'
libv4lconvertprivdir='${exec_prefix}/lib/libv4l'
localedir='$(datadir)/locale'
localstatedir='${prefix}/var'
mandir='${datarootdir}/man'
mkdir_p='$(MKDIR_P)'
oldincludedir='/usr/include'
pdfdir='${docdir}'
pkgconfigdir='${exec_prefix}/lib/pkgconfig'
prefix='NONE'
program_transform_name='s,x,x,'
psdir='${docdir}'
runstatedir='${localstatedir}/run'
sbindir='${exec_prefix}/sbin'
sharedstatedir='${prefix}/com'
sysconfdir='${prefix}/etc'
target_alias=''
udevrulesdir='/lib/udev/rules.d'

## ----------- ##
## confdefs.h. ##
## ----------- ##

/* confdefs.h */
#define PACKAGE_NAME "v4l-utils"
#define PACKAGE_TARNAME "v4l-utils"
#define PACKAGE_VERSION "1.15.0"
#define PACKAGE_STRING "v4l-utils 1.15.0"
#define PACKAGE_BUGREPORT ""
#define PACKAGE_URL ""
#define STDC_HEADERS 1
#define HAVE_SYS_TYPES_H 1
#define HAVE_SYS_STAT_H 1
#define HAVE_STDLIB_H 1
#define HAVE_STRING_H 1
#define HAVE_MEMORY_H 1
#define HAVE_STRINGS_H 1
#define HAVE_INTTYPES_H 1
#define HAVE_STDINT_H 1
#define HAVE_UNISTD_H 1
#define __EXTENSIONS__ 1
#define _ALL_SOURCE 1
#define _GNU_SOURCE 1
#define _POSIX_PTHREAD_SEMANTICS 1
#define _TANDEM_SOURCE 1
#define PACKAGE "v4l-utils"
#define VERSION "1.15.0"
#define HAVE_DLFCN_H 1
#define LT_OBJDIR ".libs/"
#define ENABLE_NLS 1
#define HAVE_GETTEXT 1
#define HAVE_DCGETTEXT 1
#define LIBDVBV5_DOMAIN "libdvbv5"
#define LOCALEDIR "/usr/local/share/locale"
#define HAVE_VISIBILITY 1
#define HAVE_SYS_KLOG_H 1
#define HAVE_KLOGCTL 1
#define HAVE_SECURE_GETENV 1
#define HAVE_JPEG 1
#define HAVE_QTGL 1
#define HAVE_ALSA 1
#define HAVE_LIBUDEV /**/
#define HAVE_PTHREAD_PRIO_INHERIT 1
#define HAVE_PTHREAD 1
#define HAVE_FORK 1
#define HAVE_LIBV4LCONVERT_HELPERS 1
#define HAVE_ICONV 1
#define ICONV_CONST 
#define V4L_UTILS_VERSION "1.15.0"

configure: exit 2
